# JRE version: OpenJDK Runtime Environment (8.0_131-b11) (build 1.8.0_131-8u131-b11-2ubuntu1.16.04.3-b11)
# Java VM: OpenJDK 64-Bit Server VM (25.131-b11 mixed mode linux-amd64 compressed oops)
Heap:
 PSYoungGen      total 202240K, used 14824K [0x00000000d6d80000, 0x00000000e7e00000, 0x0000000100000000)
  eden space 187392K, 0% used [0x00000000d6d80000,0x00000000d6d80000,0x00000000e2480000)
  from space 14848K, 99% used [0x00000000e2480000,0x00000000e32fa230,0x00000000e3300000)
  to   space 17408K, 0% used [0x00000000e6d00000,0x00000000e6d00000,0x00000000e7e00000)
 ParOldGen       total 58880K, used 13195K [0x0000000084800000, 0x0000000088180000, 0x00000000d6d80000)
  object space 58880K, 22% used [0x0000000084800000,0x00000000854e2c78,0x0000000088180000)
 Metaspace       used 34967K, capacity 35350K, committed 35456K, reserved 1081344K
  class space    used 4352K, capacity 4466K, committed 4480K, reserved 1048576K
GC Heap History (10 events):
Event: 6,874 GC heap after
Heap after GC invocations=6 (full 0):
 PSYoungGen      total 136192K, used 7587K [0x00000000d6d80000, 0x00000000dfd80000, 0x0000000100000000)
  eden space 126464K, 0% used [0x00000000d6d80000,0x00000000d6d80000,0x00000000de900000)
  from space 9728K, 77% used [0x00000000df300000,0x00000000dfa68db0,0x00000000dfc80000)
  to   space 10240K, 0% used [0x00000000de900000,0x00000000de900000,0x00000000df300000)
 ParOldGen       total 84992K, used 6585K [0x0000000084800000, 0x0000000089b00000, 0x00000000d6d80000)
  object space 84992K, 7% used [0x0000000084800000,0x0000000084e6e680,0x0000000089b00000)
 Metaspace       used 20853K, capacity 21154K, committed 21296K, reserved 1069056K
  class space    used 2540K, capacity 2644K, committed 2688K, reserved 1048576K
}
Event: 6,874 GC heap before
{Heap before GC invocations=7 (full 1):
 PSYoungGen      total 136192K, used 7587K [0x00000000d6d80000, 0x00000000dfd80000, 0x0000000100000000)
  eden space 126464K, 0% used [0x00000000d6d80000,0x00000000d6d80000,0x00000000de900000)
  from space 9728K, 77% used [0x00000000df300000,0x00000000dfa68db0,0x00000000dfc80000)
  to   space 10240K, 0% used [0x00000000de900000,0x00000000de900000,0x00000000df300000)
 ParOldGen       total 84992K, used 6585K [0x0000000084800000, 0x0000000089b00000, 0x00000000d6d80000)
  object space 84992K, 7% used [0x0000000084800000,0x0000000084e6e680,0x0000000089b00000)
 Metaspace       used 20853K, capacity 21154K, committed 21296K, reserved 1069056K
  class space    used 2540K, capacity 2644K, committed 2688K, reserved 1048576K
Event: 7,064 GC heap after
Heap after GC invocations=7 (full 1):
 PSYoungGen      total 136192K, used 0K [0x00000000d6d80000, 0x00000000dfd80000, 0x0000000100000000)
  eden space 126464K, 0% used [0x00000000d6d80000,0x00000000d6d80000,0x00000000de900000)
  from space 9728K, 0% used [0x00000000df300000,0x00000000df300000,0x00000000dfc80000)
  to   space 10240K, 0% used [0x00000000de900000,0x00000000de900000,0x00000000df300000)
 ParOldGen       total 58880K, used 9098K [0x0000000084800000, 0x0000000088180000, 0x00000000d6d80000)
  object space 58880K, 15% used [0x0000000084800000,0x00000000850e29d8,0x0000000088180000)
 Metaspace       used 20853K, capacity 21154K, committed 21296K, reserved 1069056K
  class space    used 2540K, capacity 2644K, committed 2688K, reserved 1048576K
}
Event: 9,468 GC heap before
{Heap before GC invocations=8 (full 1):
 PSYoungGen      total 136192K, used 126464K [0x00000000d6d80000, 0x00000000dfd80000, 0x0000000100000000)
  eden space 126464K, 100% used [0x00000000d6d80000,0x00000000de900000,0x00000000de900000)
  from space 9728K, 0% used [0x00000000df300000,0x00000000df300000,0x00000000dfc80000)
  to   space 10240K, 0% used [0x00000000de900000,0x00000000de900000,0x00000000df300000)
 ParOldGen       total 58880K, used 9098K [0x0000000084800000, 0x0000000088180000, 0x00000000d6d80000)
  object space 58880K, 15% used [0x0000000084800000,0x00000000850e29d8,0x0000000088180000)
 Metaspace       used 26391K, capacity 26780K, committed 27008K, reserved 1073152K
  class space    used 3268K, capacity 3395K, committed 3456K, reserved 1048576K
Event: 9,497 GC heap after
Heap after GC invocations=8 (full 1):
 PSYoungGen      total 136704K, used 10237K [0x00000000d6d80000, 0x00000000e3f80000, 0x0000000100000000)
  eden space 126464K, 0% used [0x00000000d6d80000,0x00000000d6d80000,0x00000000de900000)
  from space 10240K, 99% used [0x00000000de900000,0x00000000df2ff6a0,0x00000000df300000)
  to   space 12288K, 0% used [0x00000000e3380000,0x00000000e3380000,0x00000000e3f80000)
 ParOldGen       total 58880K, used 10658K [0x0000000084800000, 0x0000000088180000, 0x00000000d6d80000)
  object space 58880K, 18% used [0x0000000084800000,0x0000000085268820,0x0000000088180000)
 Metaspace       used 26391K, capacity 26780K, committed 27008K, reserved 1073152K
  class space    used 3268K, capacity 3395K, committed 3456K, reserved 1048576K
}
Event: 10,678 GC heap before
{Heap before GC invocations=9 (full 1):
 PSYoungGen      total 136704K, used 136701K [0x00000000d6d80000, 0x00000000e3f80000, 0x0000000100000000)
  eden space 126464K, 100% used [0x00000000d6d80000,0x00000000de900000,0x00000000de900000)
  from space 10240K, 99% used [0x00000000de900000,0x00000000df2ff6a0,0x00000000df300000)
  to   space 12288K, 0% used [0x00000000e3380000,0x00000000e3380000,0x00000000e3f80000)
 ParOldGen       total 58880K, used 10658K [0x0000000084800000, 0x0000000088180000, 0x00000000d6d80000)
  object space 58880K, 18% used [0x0000000084800000,0x0000000085268820,0x0000000088180000)
 Metaspace       used 30187K, capacity 30576K, committed 30720K, reserved 1077248K
  class space    used 3672K, capacity 3793K, committed 3840K, reserved 1048576K
Event: 10,700 GC heap after
Heap after GC invocations=9 (full 1):
 PSYoungGen      total 199680K, used 12262K [0x00000000d6d80000, 0x00000000e4180000, 0x0000000100000000)
  eden space 187392K, 0% used [0x00000000d6d80000,0x00000000d6d80000,0x00000000e2480000)
  from space 12288K, 99% used [0x00000000e3380000,0x00000000e3f799d8,0x00000000e3f80000)
  to   space 14848K, 0% used [0x00000000e2480000,0x00000000e2480000,0x00000000e3300000)
 ParOldGen       total 58880K, used 12038K [0x0000000084800000, 0x0000000088180000, 0x00000000d6d80000)
  object space 58880K, 20% used [0x0000000084800000,0x00000000853c1838,0x0000000088180000)
 Metaspace       used 30187K, capacity 30576K, committed 30720K, reserved 1077248K
  class space    used 3672K, capacity 3793K, committed 3840K, reserved 1048576K
}
Event: 11,546 GC heap before
{Heap before GC invocations=10 (full 1):
 PSYoungGen      total 199680K, used 72581K [0x00000000d6d80000, 0x00000000e4180000, 0x0000000100000000)
  eden space 187392K, 32% used [0x00000000d6d80000,0x00000000da867cb8,0x00000000e2480000)
  from space 12288K, 99% used [0x00000000e3380000,0x00000000e3f799d8,0x00000000e3f80000)
  to   space 14848K, 0% used [0x00000000e2480000,0x00000000e2480000,0x00000000e3300000)
 ParOldGen       total 58880K, used 12038K [0x0000000084800000, 0x0000000088180000, 0x00000000d6d80000)
  object space 58880K, 20% used [0x0000000084800000,0x00000000853c1838,0x0000000088180000)
 Metaspace       used 34967K, capacity 35350K, committed 35456K, reserved 1081344K
  class space    used 4352K, capacity 4466K, committed 4480K, reserved 1048576K
Event: 11,576 GC heap after
Heap after GC invocations=10 (full 1):
 PSYoungGen      total 202240K, used 14824K [0x00000000d6d80000, 0x00000000e7e00000, 0x0000000100000000)
  eden space 187392K, 0% used [0x00000000d6d80000,0x00000000d6d80000,0x00000000e2480000)
  from space 14848K, 99% used [0x00000000e2480000,0x00000000e32fa230,0x00000000e3300000)
  to   space 17408K, 0% used [0x00000000e6d00000,0x00000000e6d00000,0x00000000e7e00000)
 ParOldGen       total 58880K, used 13195K [0x0000000084800000, 0x0000000088180000, 0x00000000d6d80000)
  object space 58880K, 22% used [0x0000000084800000,0x00000000854e2c78,0x0000000088180000)
 Metaspace       used 34967K, capacity 35350K, committed 35456K, reserved 1081344K
  class space    used 4352K, capacity 4466K, committed 4480K, reserved 1048576K
}
Event: 11,576 GC heap before
{Heap before GC invocations=11 (full 2):
 PSYoungGen      total 202240K, used 14824K [0x00000000d6d80000, 0x00000000e7e00000, 0x0000000100000000)
  eden space 187392K, 0% used [0x00000000d6d80000,0x00000000d6d80000,0x00000000e2480000)
  from space 14848K, 99% used [0x00000000e2480000,0x00000000e32fa230,0x00000000e3300000)
  to   space 17408K, 0% used [0x00000000e6d00000,0x00000000e6d00000,0x00000000e7e00000)
 ParOldGen       total 58880K, used 13195K [0x0000000084800000, 0x0000000088180000, 0x00000000d6d80000)
  object space 58880K, 22% used [0x0000000084800000,0x00000000854e2c78,0x0000000088180000)
 Metaspace       used 34967K, capacity 35350K, committed 35456K, reserved 1081344K
  class space    used 4352K, capacity 4466K, committed 4480K, reserved 1048576K

